<?xml version="1.0" encoding="UTF-8"?>
<testng-results ignored="0" total="1" passed="1" failed="0" skipped="0">
  <reporter-output>
  </reporter-output>
  <suite started-at="2023-07-04T21:28:14 IST" name="Default suite" finished-at="2023-07-04T21:28:16 IST" duration-ms="2035">
    <groups>
    </groups>
    <test started-at="2023-07-04T21:28:14 IST" name="Default test" finished-at="2023-07-04T21:28:16 IST" duration-ms="2035">
      <class name="test.Test_example">
        <test-method signature="test1()[pri:0, instance:test.Test_example@3e84448c]" started-at="2023-07-04T21:28:14 IST" name="test1" finished-at="2023-07-04T21:28:16 IST" duration-ms="1980" status="PASS">
          <reporter-output>
          </reporter-output>
        </test-method> <!-- test1 -->
      </class> <!-- test.Test_example -->
    </test> <!-- Default test -->
  </suite> <!-- Default suite -->
</testng-results>
